<?xml version="1.0" encoding="UTF-8"?>
<!-- Generated by org.testng.reporters.JUnitReportReporter -->
<testsuite skipped="0" hostname="AsiF" name="AppTestRunner.ExperiBankTestRunner" tests="4" failures="0" timestamp="2023-03-12T19:14:31 BDT" time="90.084" errors="0">
  <testcase name="runScenario" time="23.049" classname="AppTestRunner.ExperiBankTestRunner"/>
  <system-out/>
  <testcase name="runScenario" time="19.739" classname="AppTestRunner.ExperiBankTestRunner"/>
  <system-out/>
  <testcase name="runScenario" time="8.563" classname="AppTestRunner.ExperiBankTestRunner"/>
  <system-out/>
  <testcase name="runScenario" time="38.733" classname="AppTestRunner.ExperiBankTestRunner"/>
  <system-out/>
</testsuite> <!-- AppTestRunner.ExperiBankTestRunner -->
