<?xml version="1.0" encoding="UTF-8"?>
<!-- Generated by org.testng.reporters.JUnitReportReporter -->
<testsuite skipped="0" hostname="AsiF" name="AppTestRunner.ExperiBankTestRunner" tests="2" failures="0" timestamp="2023-03-06T19:32:10 BDT" time="41.628" errors="0">
  <testcase name="runScenario" time="19.985" classname="AppTestRunner.ExperiBankTestRunner"/>
  <system-out/>
  <testcase name="runScenario" time="21.643" classname="AppTestRunner.ExperiBankTestRunner"/>
  <system-out/>
</testsuite> <!-- AppTestRunner.ExperiBankTestRunner -->
