<?xml version="1.0" encoding="UTF-8"?>
<!-- Generated by org.testng.reporters.JUnitReportReporter -->
<testsuite skipped="0" hostname="AsiF" name="AppTestRunner.ExperiBankTestRunner" tests="3" failures="0" timestamp="2023-03-12T15:13:06 BDT" time="83.465" errors="0">
  <testcase name="runScenario" time="20.200" classname="AppTestRunner.ExperiBankTestRunner"/>
  <system-out/>
  <testcase name="runScenario" time="39.617" classname="AppTestRunner.ExperiBankTestRunner"/>
  <system-out/>
  <testcase name="runScenario" time="23.648" classname="AppTestRunner.ExperiBankTestRunner"/>
  <system-out/>
</testsuite> <!-- AppTestRunner.ExperiBankTestRunner -->
