<?xml version="1.0" encoding="UTF-8"?>
<testsuite name="AppTestRunner.ExperiBankTestRunner" tests="4" skipped="0" failures="0" errors="0" timestamp="2023-03-12T13:12:59" hostname="ASIF" time="90.088">
  <properties/>
  <testcase name="runScenario[0](&quot;user login&quot;, &quot;Optional[AppTest]&quot;)" classname="AppTestRunner.ExperiBankTestRunner" time="23.049"/>
  <testcase name="runScenario[1](&quot;&quot;, &quot;Optional.empty&quot;)" classname="AppTestRunner.ExperiBankTestRunner" time="19.739"/>
  <testcase name="runScenario[2](&quot;&quot;, &quot;Optional.empty&quot;)" classname="AppTestRunner.ExperiBankTestRunner" time="38.733"/>
  <testcase name="runScenario[3](&quot;&quot;, &quot;Optional.empty&quot;)" classname="AppTestRunner.ExperiBankTestRunner" time="8.563"/>
  <system-out><![CDATA[
@login
Scenario Outline: user login              # src/test/resources/Features/EB1Login.feature:11
  Given app apk is there                  # AppStepDefinition.EB1LoginStepDefs.appApkIsThere()
  When user enters 'company'and 'company' # AppStepDefinition.EB1LoginStepDefs.userEntersUsernameAndPass(java.lang.String,java.lang.String)
Ta Da!!
  Then user will navigate to home screen  # AppStepDefinition.EB1LoginStepDefs.userWillNavigateToHomeScreen()

@makePayment
Scenario Outline:                                              # src/test/resources/Features/EB2MakePayment.feature:12
  Given user clicks on thr make payment tab                    # AppStepDefinition.EB2MakePaymentStepDefs.userClicksOnThrMakePaymentTab()
  When user inserts '12345' and 'john' and '100'               # AppStepDefinition.EB2MakePaymentStepDefs.userInsertsPhoneAndNameAndAmount(java.lang.String,java.lang.String,java.lang.String)
  And user selects country                                     # AppStepDefinition.EB2MakePaymentStepDefs.userSelectsCountry()
  And user clicks on send payment button                       # AppStepDefinition.EB2MakePaymentStepDefs.userClicksOnSendPaymentButton()
  Then user closes the alert selecting ok and confirms payment # AppStepDefinition.EB2MakePaymentStepDefs.userClosesTheAlertSelectingOkAndConfirmsPayment()

@mortgageRequest
Scenario Outline:                                         # src/test/resources/Features/EB3MortgageRequest.feature:16
  Given user clicks on the mortgage request tab           # AppStepDefinition.EB3MortgageRequestStepDefs.userClicksOnTheMortgageRequestTab()
  When user inserts 'john' and 'test'                     # AppStepDefinition.EB3MortgageRequestStepDefs.userInsertsFirstNameAndLastName(java.lang.String,java.lang.String)
  And user selects '30' and 'road 19' and 'Banani'        # AppStepDefinition.EB3MortgageRequestStepDefs.userSelectsAgeAndAddressAndAddress(java.lang.String,java.lang.String,java.lang.String)
  And selects country for mortgage                        # AppStepDefinition.EB3MortgageRequestStepDefs.selectsCountryForMortgage()
  And press next button                                   # AppStepDefinition.EB3MortgageRequestStepDefs.pressNextButton()
  And selects type of loan from dropdown                  # AppStepDefinition.EB3MortgageRequestStepDefs.selectsTypeOfLoanFromDropdown()
  And selects number of years from dropdown               # AppStepDefinition.EB3MortgageRequestStepDefs.selectsNumberOfYearsFromDropdown()
  And selects type of occupation from dropdown            # AppStepDefinition.EB3MortgageRequestStepDefs.selectsTypeOfOccupationFromDropdown()
  And selects yearly income from dropdown                 # AppStepDefinition.EB3MortgageRequestStepDefs.selectsYearlyIncomeFromDropdown()
  Then closes mortgage payment by clicking on save button # AppStepDefinition.EB3MortgageRequestStepDefs.closesMortgagePaymentByClickingOnSaveButton()

@expenseReport
Scenario:                                            # src/test/resources/Features/EB4ExpenseReport.feature:3
  Given user taps on the expense report button       # AppStepDefinition.EB4ExpenseReportStepDefs.userTapsOnTheExpenseReportButton()
  When user adds two  expense report                 # AppStepDefinition.EB4ExpenseReportStepDefs.userAddsTwoExpenseReport()
  And removes one report                             # AppStepDefinition.EB4ExpenseReportStepDefs.removesOneReport()
  Then user goes back and logs out and quits the app # AppStepDefinition.EB4ExpenseReportStepDefs.userGoesBackAndLogsOutAndQuitsTheApp()
]]></system-out>
  <system-err><![CDATA[SLF4J: No SLF4J providers were found.
SLF4J: Defaulting to no-operation (NOP) logger implementation
SLF4J: See https://www.slf4j.org/codes.html#noProviders for further details.
]]></system-err>
</testsuite>
